<!DOCTYPE html PUBLIC "-//W3C//DTD XHTML 1.1//EN" "http://www.w3.org/TR/xhtml11/DTD/xhtml11.dtd">
<html xmlns="http://www.w3.org/1999/xhtml"><head><title>TestNG Report</title><style type="text/css">table {margin-bottom:10px;border-collapse:collapse;empty-cells:show}th,td {border:1px solid #009;padding:.25em .5em}th {vertical-align:bottom}td {vertical-align:top}table a {font-weight:bold}.stripe td {background-color: #E6EBF9}.num {text-align:right}.passedodd td {background-color: #3F3}.passedeven td {background-color: #0A0}.skippedodd td {background-color: #DDD}.skippedeven td {background-color: #CCC}.failedodd td,.attn {background-color: #F33}.failedeven td,.stripe .attn {background-color: #D00}.stacktrace {white-space:pre;font-family:monospace}.totop {font-size:85%;text-align:center;border-bottom:2px solid #000}</style></head><body><table><tr><th>Test</th><th># Passed</th><th># Skipped</th><th># Failed</th><th>Time (ms)</th><th>Included Groups</th><th>Excluded Groups</th></tr><tr><th colspan="7">N11 Test Suite</th></tr><tr><td><a href="#t0">LoginTest</a></td><td class="num">6</td><td class="num">0</td><td class="num attn">2</td><td class="num">228,180</td><td></td><td></td></tr></table><table><thead><tr><th>Class</th><th>Method</th><th>Start</th><th>Time (ms)</th></tr></thead><tbody><tr><th colspan="4">N11 Test Suite</th></tr></tbody><tbody id="t0"><tr><th colspan="4">LoginTest &#8212; failed</th></tr><tr class="failedeven"><td rowspan="2">tests.ReactSignUpTest</td><td><a href="#m0">TC_Negative_Verify_the_ErrorMessage_usesExistingemail</a></td><td rowspan="1">1547633150071</td><td rowspan="1">5762</td></tr><tr class="failedeven"><td><a href="#m1">TC_Negative_Verify_the_NewUser_IsableTo_SignUp_with_ValidData</a></td><td rowspan="1">1547633155934</td><td rowspan="1">5729</td></tr><tr><th colspan="4">LoginTest &#8212; passed</th></tr><tr class="passedeven"><td rowspan="6">tests.ReactSignUpTest</td><td><a href="#m2">TC_Negative_Verify_ErrorDisplayed_whenuser_enter_invalid_fullname_emailid_password</a></td><td rowspan="1">1547632938020</td><td rowspan="1">181507</td></tr><tr class="passedeven"><td><a href="#m3">TC_Negative_Verify_the_ErrorMessage_Displayedby_Invalidaddress</a></td><td rowspan="1">1547633144355</td><td rowspan="1">5713</td></tr><tr class="passedeven"><td><a href="#m4">TC_Negative_Verify_the_ErrorMessage_Displayedby_emptyaddress</a></td><td rowspan="1">1547633138668</td><td rowspan="1">5684</td></tr><tr class="passedeven"><td><a href="#m5">TC_Negative_Verify_the_ErrorMessage_Displayedby_emptyfullname</a></td><td rowspan="1">1547633127235</td><td rowspan="1">5678</td></tr><tr class="passedeven"><td><a href="#m6">TC_Negative_Verify_the_ErrorMessage_Displayedby_emptypassword</a></td><td rowspan="1">1547633132914</td><td rowspan="1">5751</td></tr><tr class="passedeven"><td><a href="#m7">TC_Negative_Verify_the_Errormessage_displayedby_emptyfullname_emptyemail_emptypassword</a></td><td rowspan="1">1547633119531</td><td rowspan="1">7703</td></tr></tbody></table><h2>LoginTest</h2><h3 id="m0">tests.ReactSignUpTest#TC_Negative_Verify_the_ErrorMessage_usesExistingemail</h3><table class="result"><tr><th>Exception</th></tr><tr><td><div class="stacktrace">org.openqa.selenium.NoSuchElementException: Unable to locate element: //*[@id=&quot;site-content&quot;]/div/div/div/div/div/div/form/div/div[4]/div/ul/li
For documentation on this error, please visit: http://seleniumhq.org/exceptions/no_such_element.html
Build info: version: &apos;3.11.0&apos;, revision: &apos;e59cfb3&apos;, time: &apos;2018-03-11T20:26:55.152Z&apos;
System info: host: &apos;MSALMAN&apos;, ip: &apos;192.168.0.241&apos;, os.name: &apos;Windows 10&apos;, os.arch: &apos;amd64&apos;, os.version: &apos;10.0&apos;, java.version: &apos;1.8.0_181&apos;
Driver info: org.openqa.selenium.firefox.FirefoxDriver
Capabilities {acceptInsecureCerts: true, browserName: firefox, browserVersion: 64.0, javascriptEnabled: true, moz:accessibilityChecks: false, moz:geckodriverVersion: 0.23.0, moz:headless: false, moz:processID: 30472, moz:profile: C:\Users\Win10\AppData\Loca..., moz:shutdownTimeout: 60000, moz:useNonSpecCompliantPointerOrigin: false, moz:webdriverClick: true, pageLoadStrategy: normal, platform: WINDOWS, platformName: WINDOWS, platformVersion: 10.0, rotatable: false, setWindowRect: true, timeouts: {implicit: 0, pageLoad: 300000, script: 30000}, unhandledPromptBehavior: dismiss and notify}
Session ID: 12ac8243-25be-40a6-844d-288eb1b1e9f7
*** Element info: {Using=xpath, value=//*[@id=&quot;site-content&quot;]/div/div/div/div/div/div/form/div/div[4]/div/ul/li}
	at org.openqa.selenium.remote.http.W3CHttpResponseCodec.createException(W3CHttpResponseCodec.java:187)
	at org.openqa.selenium.remote.http.W3CHttpResponseCodec.decode(W3CHttpResponseCodec.java:122)
	at org.openqa.selenium.remote.http.W3CHttpResponseCodec.decode(W3CHttpResponseCodec.java:49)
	at org.openqa.selenium.remote.HttpCommandExecutor.execute(HttpCommandExecutor.java:158)
	at org.openqa.selenium.remote.service.DriverCommandExecutor.execute(DriverCommandExecutor.java:83)
	at org.openqa.selenium.remote.RemoteWebDriver.execute(RemoteWebDriver.java:545)
	at org.openqa.selenium.remote.RemoteWebDriver.findElement(RemoteWebDriver.java:319)
	at org.openqa.selenium.remote.RemoteWebDriver.findElementByXPath(RemoteWebDriver.java:421)
	at org.openqa.selenium.By$ByXPath.findElement(By.java:361)
	at org.openqa.selenium.remote.RemoteWebDriver.findElement(RemoteWebDriver.java:311)
	at pages.BasePage.readText(BasePage.java:29)
	at pages.ReactSignUp.verifyInvalidData(ReactSignUp.java:101)
	at tests.ReactSignUpTest.TC_Negative_Verify_the_ErrorMessage_usesExistingemail(ReactSignUpTest.java:222)
... Removed 28 stack frames</div></td></tr></table><p class="totop"><a href="#summary">back to summary</a></p><h3 id="m1">tests.ReactSignUpTest#TC_Negative_Verify_the_NewUser_IsableTo_SignUp_with_ValidData</h3><table class="result"><tr><th>Exception</th></tr><tr><td><div class="stacktrace">org.openqa.selenium.NoSuchElementException: Unable to locate element: //*[@id=&quot;site-content&quot;]/div/div/div/div/div[2]/div/h4
For documentation on this error, please visit: http://seleniumhq.org/exceptions/no_such_element.html
Build info: version: &apos;3.11.0&apos;, revision: &apos;e59cfb3&apos;, time: &apos;2018-03-11T20:26:55.152Z&apos;
System info: host: &apos;MSALMAN&apos;, ip: &apos;192.168.0.241&apos;, os.name: &apos;Windows 10&apos;, os.arch: &apos;amd64&apos;, os.version: &apos;10.0&apos;, java.version: &apos;1.8.0_181&apos;
Driver info: org.openqa.selenium.firefox.FirefoxDriver
Capabilities {acceptInsecureCerts: true, browserName: firefox, browserVersion: 64.0, javascriptEnabled: true, moz:accessibilityChecks: false, moz:geckodriverVersion: 0.23.0, moz:headless: false, moz:processID: 30472, moz:profile: C:\Users\Win10\AppData\Loca..., moz:shutdownTimeout: 60000, moz:useNonSpecCompliantPointerOrigin: false, moz:webdriverClick: true, pageLoadStrategy: normal, platform: WINDOWS, platformName: WINDOWS, platformVersion: 10.0, rotatable: false, setWindowRect: true, timeouts: {implicit: 0, pageLoad: 300000, script: 30000}, unhandledPromptBehavior: dismiss and notify}
Session ID: 12ac8243-25be-40a6-844d-288eb1b1e9f7
*** Element info: {Using=xpath, value=//*[@id=&quot;site-content&quot;]/div/div/div/div/div[2]/div/h4}
	at org.openqa.selenium.remote.http.W3CHttpResponseCodec.createException(W3CHttpResponseCodec.java:187)
	at org.openqa.selenium.remote.http.W3CHttpResponseCodec.decode(W3CHttpResponseCodec.java:122)
	at org.openqa.selenium.remote.http.W3CHttpResponseCodec.decode(W3CHttpResponseCodec.java:49)
	at org.openqa.selenium.remote.HttpCommandExecutor.execute(HttpCommandExecutor.java:158)
	at org.openqa.selenium.remote.service.DriverCommandExecutor.execute(DriverCommandExecutor.java:83)
	at org.openqa.selenium.remote.RemoteWebDriver.execute(RemoteWebDriver.java:545)
	at org.openqa.selenium.remote.RemoteWebDriver.findElement(RemoteWebDriver.java:319)
	at org.openqa.selenium.remote.RemoteWebDriver.findElementByXPath(RemoteWebDriver.java:421)
	at org.openqa.selenium.By$ByXPath.findElement(By.java:361)
	at org.openqa.selenium.remote.RemoteWebDriver.findElement(RemoteWebDriver.java:311)
	at pages.BasePage.readText(BasePage.java:29)
	at pages.ReactSignUp.verifylogin(ReactSignUp.java:134)
	at tests.ReactSignUpTest.TC_Negative_Verify_the_NewUser_IsableTo_SignUp_with_ValidData(ReactSignUpTest.java:250)
... Removed 28 stack frames</div></td></tr></table><p class="totop"><a href="#summary">back to summary</a></p><h3 id="m2">tests.ReactSignUpTest#TC_Negative_Verify_ErrorDisplayed_whenuser_enter_invalid_fullname_emailid_password</h3><table class="result"></table><p class="totop"><a href="#summary">back to summary</a></p><h3 id="m3">tests.ReactSignUpTest#TC_Negative_Verify_the_ErrorMessage_Displayedby_Invalidaddress</h3><table class="result"></table><p class="totop"><a href="#summary">back to summary</a></p><h3 id="m4">tests.ReactSignUpTest#TC_Negative_Verify_the_ErrorMessage_Displayedby_emptyaddress</h3><table class="result"></table><p class="totop"><a href="#summary">back to summary</a></p><h3 id="m5">tests.ReactSignUpTest#TC_Negative_Verify_the_ErrorMessage_Displayedby_emptyfullname</h3><table class="result"></table><p class="totop"><a href="#summary">back to summary</a></p><h3 id="m6">tests.ReactSignUpTest#TC_Negative_Verify_the_ErrorMessage_Displayedby_emptypassword</h3><table class="result"></table><p class="totop"><a href="#summary">back to summary</a></p><h3 id="m7">tests.ReactSignUpTest#TC_Negative_Verify_the_Errormessage_displayedby_emptyfullname_emptyemail_emptypassword</h3><table class="result"></table><p class="totop"><a href="#summary">back to summary</a></p></body></html>