<?xml version="1.0" encoding="UTF-8"?>
<testng-results skipped="0" failed="2" total="8" passed="6">
  <reporter-output>
  </reporter-output>
  <suite name="N11 Test Suite" duration-ms="228180" started-at="2019-01-16T10:02:13Z" finished-at="2019-01-16T10:06:01Z">
    <groups>
    </groups>
    <test name="LoginTest" duration-ms="228180" started-at="2019-01-16T10:02:13Z" finished-at="2019-01-16T10:06:01Z">
      <class name="tests.ReactSignUpTest">
        <test-method status="PASS" signature="setup()[pri:0, instance:tests.ReactSignUpTest@6fc6f14e]" name="setup" is-config="true" duration-ms="4405" started-at="2019-01-16T15:32:13Z" finished-at="2019-01-16T15:32:18Z">
          <reporter-output>
          </reporter-output>
        </test-method> <!-- setup -->
        <test-method status="PASS" signature="TC_Negative_Verify_ErrorDisplayed_whenuser_enter_invalid_fullname_emailid_password()[pri:0, instance:tests.ReactSignUpTest@6fc6f14e]" name="TC_Negative_Verify_ErrorDisplayed_whenuser_enter_invalid_fullname_emailid_password" duration-ms="181507" started-at="2019-01-16T15:32:18Z" finished-at="2019-01-16T15:35:19Z">
          <reporter-output>
          </reporter-output>
        </test-method> <!-- TC_Negative_Verify_ErrorDisplayed_whenuser_enter_invalid_fullname_emailid_password -->
        <test-method status="PASS" signature="TC_Negative_Verify_the_Errormessage_displayedby_emptyfullname_emptyemail_emptypassword()[pri:1, instance:tests.ReactSignUpTest@6fc6f14e]" name="TC_Negative_Verify_the_Errormessage_displayedby_emptyfullname_emptyemail_emptypassword" duration-ms="7703" started-at="2019-01-16T15:35:19Z" finished-at="2019-01-16T15:35:27Z">
          <reporter-output>
          </reporter-output>
        </test-method> <!-- TC_Negative_Verify_the_Errormessage_displayedby_emptyfullname_emptyemail_emptypassword -->
        <test-method status="PASS" signature="TC_Negative_Verify_the_ErrorMessage_Displayedby_emptyfullname()[pri:2, instance:tests.ReactSignUpTest@6fc6f14e]" name="TC_Negative_Verify_the_ErrorMessage_Displayedby_emptyfullname" duration-ms="5678" started-at="2019-01-16T15:35:27Z" finished-at="2019-01-16T15:35:32Z">
          <reporter-output>
          </reporter-output>
        </test-method> <!-- TC_Negative_Verify_the_ErrorMessage_Displayedby_emptyfullname -->
        <test-method status="PASS" signature="TC_Negative_Verify_the_ErrorMessage_Displayedby_emptypassword()[pri:3, instance:tests.ReactSignUpTest@6fc6f14e]" name="TC_Negative_Verify_the_ErrorMessage_Displayedby_emptypassword" duration-ms="5751" started-at="2019-01-16T15:35:32Z" finished-at="2019-01-16T15:35:38Z">
          <reporter-output>
          </reporter-output>
        </test-method> <!-- TC_Negative_Verify_the_ErrorMessage_Displayedby_emptypassword -->
        <test-method status="PASS" signature="TC_Negative_Verify_the_ErrorMessage_Displayedby_emptyaddress()[pri:4, instance:tests.ReactSignUpTest@6fc6f14e]" name="TC_Negative_Verify_the_ErrorMessage_Displayedby_emptyaddress" duration-ms="5684" started-at="2019-01-16T15:35:38Z" finished-at="2019-01-16T15:35:44Z">
          <reporter-output>
          </reporter-output>
        </test-method> <!-- TC_Negative_Verify_the_ErrorMessage_Displayedby_emptyaddress -->
        <test-method status="PASS" signature="TC_Negative_Verify_the_ErrorMessage_Displayedby_Invalidaddress()[pri:5, instance:tests.ReactSignUpTest@6fc6f14e]" name="TC_Negative_Verify_the_ErrorMessage_Displayedby_Invalidaddress" duration-ms="5713" started-at="2019-01-16T15:35:44Z" finished-at="2019-01-16T15:35:50Z">
          <reporter-output>
          </reporter-output>
        </test-method> <!-- TC_Negative_Verify_the_ErrorMessage_Displayedby_Invalidaddress -->
        <test-method status="FAIL" signature="TC_Negative_Verify_the_ErrorMessage_usesExistingemail()[pri:6, instance:tests.ReactSignUpTest@6fc6f14e]" name="TC_Negative_Verify_the_ErrorMessage_usesExistingemail" duration-ms="5762" started-at="2019-01-16T15:35:50Z" finished-at="2019-01-16T15:35:55Z">
          <exception class="org.openqa.selenium.NoSuchElementException">
            <message>
              <![CDATA[Unable to locate element: //*[@id="site-content"]/div/div/div/div/div/div/form/div/div[4]/div/ul/li
For documentation on this error, please visit: http://seleniumhq.org/exceptions/no_such_element.html
Build info: version: '3.11.0', revision: 'e59cfb3', time: '2018-03-11T20:26:55.152Z'
System info: host: 'MSALMAN', ip: '192.168.0.241', os.name: 'Windows 10', os.arch: 'amd64', os.version: '10.0', java.version: '1.8.0_181'
Driver info: org.openqa.selenium.firefox.FirefoxDriver
Capabilities {acceptInsecureCerts: true, browserName: firefox, browserVersion: 64.0, javascriptEnabled: true, moz:accessibilityChecks: false, moz:geckodriverVersion: 0.23.0, moz:headless: false, moz:processID: 30472, moz:profile: C:\Users\Win10\AppData\Loca..., moz:shutdownTimeout: 60000, moz:useNonSpecCompliantPointerOrigin: false, moz:webdriverClick: true, pageLoadStrategy: normal, platform: WINDOWS, platformName: WINDOWS, platformVersion: 10.0, rotatable: false, setWindowRect: true, timeouts: {implicit: 0, pageLoad: 300000, script: 30000}, unhandledPromptBehavior: dismiss and notify}
Session ID: 12ac8243-25be-40a6-844d-288eb1b1e9f7
*** Element info: {Using=xpath, value=//*[@id="site-content"]/div/div/div/div/div/div/form/div/div[4]/div/ul/li}]]>
            </message>
            <full-stacktrace>
              <![CDATA[org.openqa.selenium.NoSuchElementException: Unable to locate element: //*[@id="site-content"]/div/div/div/div/div/div/form/div/div[4]/div/ul/li
For documentation on this error, please visit: http://seleniumhq.org/exceptions/no_such_element.html
Build info: version: '3.11.0', revision: 'e59cfb3', time: '2018-03-11T20:26:55.152Z'
System info: host: 'MSALMAN', ip: '192.168.0.241', os.name: 'Windows 10', os.arch: 'amd64', os.version: '10.0', java.version: '1.8.0_181'
Driver info: org.openqa.selenium.firefox.FirefoxDriver
Capabilities {acceptInsecureCerts: true, browserName: firefox, browserVersion: 64.0, javascriptEnabled: true, moz:accessibilityChecks: false, moz:geckodriverVersion: 0.23.0, moz:headless: false, moz:processID: 30472, moz:profile: C:\Users\Win10\AppData\Loca..., moz:shutdownTimeout: 60000, moz:useNonSpecCompliantPointerOrigin: false, moz:webdriverClick: true, pageLoadStrategy: normal, platform: WINDOWS, platformName: WINDOWS, platformVersion: 10.0, rotatable: false, setWindowRect: true, timeouts: {implicit: 0, pageLoad: 300000, script: 30000}, unhandledPromptBehavior: dismiss and notify}
Session ID: 12ac8243-25be-40a6-844d-288eb1b1e9f7
*** Element info: {Using=xpath, value=//*[@id="site-content"]/div/div/div/div/div/div/form/div/div[4]/div/ul/li}
	at sun.reflect.NativeConstructorAccessorImpl.newInstance0(Native Method)
	at sun.reflect.NativeConstructorAccessorImpl.newInstance(Unknown Source)
	at sun.reflect.DelegatingConstructorAccessorImpl.newInstance(Unknown Source)
	at java.lang.reflect.Constructor.newInstance(Unknown Source)
	at org.openqa.selenium.remote.http.W3CHttpResponseCodec.createException(W3CHttpResponseCodec.java:187)
	at org.openqa.selenium.remote.http.W3CHttpResponseCodec.decode(W3CHttpResponseCodec.java:122)
	at org.openqa.selenium.remote.http.W3CHttpResponseCodec.decode(W3CHttpResponseCodec.java:49)
	at org.openqa.selenium.remote.HttpCommandExecutor.execute(HttpCommandExecutor.java:158)
	at org.openqa.selenium.remote.service.DriverCommandExecutor.execute(DriverCommandExecutor.java:83)
	at org.openqa.selenium.remote.RemoteWebDriver.execute(RemoteWebDriver.java:545)
	at org.openqa.selenium.remote.RemoteWebDriver.findElement(RemoteWebDriver.java:319)
	at org.openqa.selenium.remote.RemoteWebDriver.findElementByXPath(RemoteWebDriver.java:421)
	at org.openqa.selenium.By$ByXPath.findElement(By.java:361)
	at org.openqa.selenium.remote.RemoteWebDriver.findElement(RemoteWebDriver.java:311)
	at pages.BasePage.readText(BasePage.java:29)
	at pages.ReactSignUp.verifyInvalidData(ReactSignUp.java:101)
	at tests.ReactSignUpTest.TC_Negative_Verify_the_ErrorMessage_usesExistingemail(ReactSignUpTest.java:222)
	at sun.reflect.NativeMethodAccessorImpl.invoke0(Native Method)
	at sun.reflect.NativeMethodAccessorImpl.invoke(Unknown Source)
	at sun.reflect.DelegatingMethodAccessorImpl.invoke(Unknown Source)
	at java.lang.reflect.Method.invoke(Unknown Source)
	at org.testng.internal.MethodInvocationHelper.invokeMethod(MethodInvocationHelper.java:85)
	at org.testng.internal.Invoker.invokeMethod(Invoker.java:639)
	at org.testng.internal.Invoker.invokeTestMethod(Invoker.java:816)
	at org.testng.internal.Invoker.invokeTestMethods(Invoker.java:1124)
	at org.testng.internal.TestMethodWorker.invokeTestMethods(TestMethodWorker.java:125)
	at org.testng.internal.TestMethodWorker.run(TestMethodWorker.java:108)
	at org.testng.TestRunner.privateRun(TestRunner.java:774)
	at org.testng.TestRunner.run(TestRunner.java:624)
	at org.testng.SuiteRunner.runTest(SuiteRunner.java:359)
	at org.testng.SuiteRunner.runSequentially(SuiteRunner.java:354)
	at org.testng.SuiteRunner.privateRun(SuiteRunner.java:312)
	at org.testng.SuiteRunner.run(SuiteRunner.java:261)
	at org.testng.SuiteRunnerWorker.runSuite(SuiteRunnerWorker.java:52)
	at org.testng.SuiteRunnerWorker.run(SuiteRunnerWorker.java:86)
	at org.testng.TestNG.runSuitesSequentially(TestNG.java:1215)
	at org.testng.TestNG.runSuitesLocally(TestNG.java:1140)
	at org.testng.TestNG.run(TestNG.java:1048)
	at org.testng.remote.AbstractRemoteTestNG.run(AbstractRemoteTestNG.java:114)
	at org.testng.remote.RemoteTestNG.initAndRun(RemoteTestNG.java:251)
	at org.testng.remote.RemoteTestNG.main(RemoteTestNG.java:77)
]]>
            </full-stacktrace>
          </exception> <!-- org.openqa.selenium.NoSuchElementException -->
          <reporter-output>
          </reporter-output>
        </test-method> <!-- TC_Negative_Verify_the_ErrorMessage_usesExistingemail -->
        <test-method status="FAIL" signature="TC_Negative_Verify_the_NewUser_IsableTo_SignUp_with_ValidData()[pri:7, instance:tests.ReactSignUpTest@6fc6f14e]" name="TC_Negative_Verify_the_NewUser_IsableTo_SignUp_with_ValidData" duration-ms="5729" started-at="2019-01-16T15:35:55Z" finished-at="2019-01-16T15:36:01Z">
          <exception class="org.openqa.selenium.NoSuchElementException">
            <message>
              <![CDATA[Unable to locate element: //*[@id="site-content"]/div/div/div/div/div[2]/div/h4
For documentation on this error, please visit: http://seleniumhq.org/exceptions/no_such_element.html
Build info: version: '3.11.0', revision: 'e59cfb3', time: '2018-03-11T20:26:55.152Z'
System info: host: 'MSALMAN', ip: '192.168.0.241', os.name: 'Windows 10', os.arch: 'amd64', os.version: '10.0', java.version: '1.8.0_181'
Driver info: org.openqa.selenium.firefox.FirefoxDriver
Capabilities {acceptInsecureCerts: true, browserName: firefox, browserVersion: 64.0, javascriptEnabled: true, moz:accessibilityChecks: false, moz:geckodriverVersion: 0.23.0, moz:headless: false, moz:processID: 30472, moz:profile: C:\Users\Win10\AppData\Loca..., moz:shutdownTimeout: 60000, moz:useNonSpecCompliantPointerOrigin: false, moz:webdriverClick: true, pageLoadStrategy: normal, platform: WINDOWS, platformName: WINDOWS, platformVersion: 10.0, rotatable: false, setWindowRect: true, timeouts: {implicit: 0, pageLoad: 300000, script: 30000}, unhandledPromptBehavior: dismiss and notify}
Session ID: 12ac8243-25be-40a6-844d-288eb1b1e9f7
*** Element info: {Using=xpath, value=//*[@id="site-content"]/div/div/div/div/div[2]/div/h4}]]>
            </message>
            <full-stacktrace>
              <![CDATA[org.openqa.selenium.NoSuchElementException: Unable to locate element: //*[@id="site-content"]/div/div/div/div/div[2]/div/h4
For documentation on this error, please visit: http://seleniumhq.org/exceptions/no_such_element.html
Build info: version: '3.11.0', revision: 'e59cfb3', time: '2018-03-11T20:26:55.152Z'
System info: host: 'MSALMAN', ip: '192.168.0.241', os.name: 'Windows 10', os.arch: 'amd64', os.version: '10.0', java.version: '1.8.0_181'
Driver info: org.openqa.selenium.firefox.FirefoxDriver
Capabilities {acceptInsecureCerts: true, browserName: firefox, browserVersion: 64.0, javascriptEnabled: true, moz:accessibilityChecks: false, moz:geckodriverVersion: 0.23.0, moz:headless: false, moz:processID: 30472, moz:profile: C:\Users\Win10\AppData\Loca..., moz:shutdownTimeout: 60000, moz:useNonSpecCompliantPointerOrigin: false, moz:webdriverClick: true, pageLoadStrategy: normal, platform: WINDOWS, platformName: WINDOWS, platformVersion: 10.0, rotatable: false, setWindowRect: true, timeouts: {implicit: 0, pageLoad: 300000, script: 30000}, unhandledPromptBehavior: dismiss and notify}
Session ID: 12ac8243-25be-40a6-844d-288eb1b1e9f7
*** Element info: {Using=xpath, value=//*[@id="site-content"]/div/div/div/div/div[2]/div/h4}
	at sun.reflect.NativeConstructorAccessorImpl.newInstance0(Native Method)
	at sun.reflect.NativeConstructorAccessorImpl.newInstance(Unknown Source)
	at sun.reflect.DelegatingConstructorAccessorImpl.newInstance(Unknown Source)
	at java.lang.reflect.Constructor.newInstance(Unknown Source)
	at org.openqa.selenium.remote.http.W3CHttpResponseCodec.createException(W3CHttpResponseCodec.java:187)
	at org.openqa.selenium.remote.http.W3CHttpResponseCodec.decode(W3CHttpResponseCodec.java:122)
	at org.openqa.selenium.remote.http.W3CHttpResponseCodec.decode(W3CHttpResponseCodec.java:49)
	at org.openqa.selenium.remote.HttpCommandExecutor.execute(HttpCommandExecutor.java:158)
	at org.openqa.selenium.remote.service.DriverCommandExecutor.execute(DriverCommandExecutor.java:83)
	at org.openqa.selenium.remote.RemoteWebDriver.execute(RemoteWebDriver.java:545)
	at org.openqa.selenium.remote.RemoteWebDriver.findElement(RemoteWebDriver.java:319)
	at org.openqa.selenium.remote.RemoteWebDriver.findElementByXPath(RemoteWebDriver.java:421)
	at org.openqa.selenium.By$ByXPath.findElement(By.java:361)
	at org.openqa.selenium.remote.RemoteWebDriver.findElement(RemoteWebDriver.java:311)
	at pages.BasePage.readText(BasePage.java:29)
	at pages.ReactSignUp.verifylogin(ReactSignUp.java:134)
	at tests.ReactSignUpTest.TC_Negative_Verify_the_NewUser_IsableTo_SignUp_with_ValidData(ReactSignUpTest.java:250)
	at sun.reflect.NativeMethodAccessorImpl.invoke0(Native Method)
	at sun.reflect.NativeMethodAccessorImpl.invoke(Unknown Source)
	at sun.reflect.DelegatingMethodAccessorImpl.invoke(Unknown Source)
	at java.lang.reflect.Method.invoke(Unknown Source)
	at org.testng.internal.MethodInvocationHelper.invokeMethod(MethodInvocationHelper.java:85)
	at org.testng.internal.Invoker.invokeMethod(Invoker.java:639)
	at org.testng.internal.Invoker.invokeTestMethod(Invoker.java:816)
	at org.testng.internal.Invoker.invokeTestMethods(Invoker.java:1124)
	at org.testng.internal.TestMethodWorker.invokeTestMethods(TestMethodWorker.java:125)
	at org.testng.internal.TestMethodWorker.run(TestMethodWorker.java:108)
	at org.testng.TestRunner.privateRun(TestRunner.java:774)
	at org.testng.TestRunner.run(TestRunner.java:624)
	at org.testng.SuiteRunner.runTest(SuiteRunner.java:359)
	at org.testng.SuiteRunner.runSequentially(SuiteRunner.java:354)
	at org.testng.SuiteRunner.privateRun(SuiteRunner.java:312)
	at org.testng.SuiteRunner.run(SuiteRunner.java:261)
	at org.testng.SuiteRunnerWorker.runSuite(SuiteRunnerWorker.java:52)
	at org.testng.SuiteRunnerWorker.run(SuiteRunnerWorker.java:86)
	at org.testng.TestNG.runSuitesSequentially(TestNG.java:1215)
	at org.testng.TestNG.runSuitesLocally(TestNG.java:1140)
	at org.testng.TestNG.run(TestNG.java:1048)
	at org.testng.remote.AbstractRemoteTestNG.run(AbstractRemoteTestNG.java:114)
	at org.testng.remote.RemoteTestNG.initAndRun(RemoteTestNG.java:251)
	at org.testng.remote.RemoteTestNG.main(RemoteTestNG.java:77)
]]>
            </full-stacktrace>
          </exception> <!-- org.openqa.selenium.NoSuchElementException -->
          <reporter-output>
          </reporter-output>
        </test-method> <!-- TC_Negative_Verify_the_NewUser_IsableTo_SignUp_with_ValidData -->
        <test-method status="PASS" signature="teardown()[pri:0, instance:tests.ReactSignUpTest@6fc6f14e]" name="teardown" is-config="true" duration-ms="0" started-at="2019-01-16T15:36:01Z" finished-at="2019-01-16T15:36:01Z">
          <reporter-output>
          </reporter-output>
        </test-method> <!-- teardown -->
      </class> <!-- tests.ReactSignUpTest -->
    </test> <!-- LoginTest -->
  </suite> <!-- N11 Test Suite -->
</testng-results>
